<?xml version="1.0" encoding="UTF-8"?>
<!-- Generated by org.testng.reporters.JUnitReportReporter -->
<testsuite skipped="0" hostname="DESKTOP-13PAS6V" name="com.webapp.tests.AllTests" tests="2" failures="0" timestamp="2022-07-02T12:48:44 IST" time="9.059" errors="0">
  <testcase name="apiAutomationForPostEndPoints" time="3.373" classname="com.webapp.tests.AllTests"/>
  <testcase name="sauceProductOnlineBuyEndToEndTransaction" time="5.686" classname="com.webapp.tests.AllTests"/>
</testsuite> <!-- com.webapp.tests.AllTests -->
